[dlcordapp.com/index.html]
[backblue.gif]
[fade.gif]
[index.html]
[dlcordapp.com/static/normalize.css]
[dlcordapp.com/static/milligram.min.css]
[dlcordapp.com/static/style.css]
[dlcordapp.com/static/favicon.4.delayed]
[dlcordapp.com/static/material.min.js]
[dlcordapp.com/static/main.js]
[dlcordapp.com/index.html]
[code.getmdl.io/1.3.0/material.blue_grey-blue.min.css]
[dlcordapp.com/static/normalize.css]
[dlcordapp.com/static/milligram.min.css]
[dlcordapp.com/assets/img/D31A1523.7.delayed]
[raw.githubusercontent.com/google/material-design-lite/mdl-1.x/templates/blog/images/shopping.jpg]
[dlcordapp.com/assets/img/Asset4-144.9.delayed]
[dlcordapp.com/static/img/GitHub_Logo_White.png]
[dlcordapp.com/static/style.css]
[dlcordapp.com/static/favicon.html]
[dlcordapp.com/assets/img/D31A1523.html]
[dlcordapp.com/assets/img/Asset4-144.html]
